<?xml version="1.0" encoding="UTF-8"?>
<testsuite xmlns:xsi="http://www.w3.org/2001/XMLSchema-instance" xsi:schemaLocation="https://maven.apache.org/surefire/maven-surefire-plugin/xsd/surefire-test-report.xsd" name="Runner.TestRunner" time="17.073" tests="1" errors="0" skipped="0" failures="1">
  <properties>
[...]
</properties>
  <testcase name="feature" classname="Runner.TestRunner" time="15.915">
    <failure message="org.openqa.selenium.NoSuchElementException: Unable to locate element: {&quot;method&quot;:&quot;id&quot;,&quot;selector&quot;:&quot;InitialWrong&quot;}&#10;Command duration or timeout: 14 milliseconds" type="cucumber.runtime.CucumberException">cucumber.runtime.CucumberException: 
org.openqa.selenium.NoSuchElementException: Unable to locate element: {"method":"id","selector":"InitialWrong"}
Command duration or timeout: 14 milliseconds
Caused by: org.openqa.selenium.NoSuchElementException: 
Unable to locate element: {"method":"id","selector":"InitialWrong"}
Command duration or timeout: 14 milliseconds
Caused by: org.openqa.selenium.NoSuchElementException: 
Unable to locate element: {"method":"id","selector":"InitialWrong"}
For documentation on this error, please visit: http://seleniumhq.org/exceptions/no_such_element.html
Build info: version: '3.3.1', revision: '5234b325d5', time: '2017-03-10 09:10:29 +0000'
System info: host: 'ESMADLBI0095', ip: 'fe80:0:0:0:a65e:60ff:fec4:233f%en0', os.name: 'Mac OS X', os.arch: 'x86_64', os.version: '10.10.5', java.version: '1.8.0_121'
Driver info: driver.version: unknown
</failure>
    <system-out><![CDATA[Opening the browser : Firefox
I navigate to the login page

The Email Address is admin@ea.com
My salary digits count is :4

Login with correct username and password
Closing the browser
Opening the browser : Firefox
I navigate to the login page

The UserName is execute
The Password is automation
Login with correct username and password using Scenario outline
Closing the browser
Opening the browser : Firefox
I navigate to the login page

The UserName is admin
The Password is admin
Login with correct username and password using Scenario outline
Closing the browser
Opening the browser : Firefox
I navigate to the login page

The UserName is testing
The Password is qa
Login with correct username and password using Scenario outline
Closing the browser
]]></system-out>
    <system-err><![CDATA[Mar 23, 2017 1:46:40 PM org.openqa.selenium.remote.ProtocolHandshake createSession
INFO: Detected dialect: OSS
Mar 23, 2017 1:46:44 PM org.openqa.selenium.remote.ProtocolHandshake createSession
INFO: Detected dialect: OSS
Mar 23, 2017 1:46:48 PM org.openqa.selenium.remote.ProtocolHandshake createSession
INFO: Detected dialect: OSS
Mar 23, 2017 1:46:51 PM org.openqa.selenium.remote.ProtocolHandshake createSession
INFO: Detected dialect: OSS
]]></system-err>
  </testcase>
</testsuite>