<?xml version="1.0" encoding="UTF-8"?>
<testsuite xmlns:xsi="http://www.w3.org/2001/XMLSchema-instance" xsi:schemaLocation="https://maven.apache.org/surefire/maven-surefire-plugin/xsd/surefire-test-report.xsd" name="Runner.TestRunner" time="17.033" tests="22" errors="0" skipped="0" failures="0">
  <properties>
[...]
</properties>
  <testcase name="Given I navigate to the login page" classname="Scenario: Login with correct username and password" time="0.001"/>
  <testcase name="And I enter the users email address as Email:admin" classname="Scenario: Login with correct username and password" time="0"/>
  <testcase name="And I verify the count of my salary digits for pts 1000" classname="Scenario: Login with correct username and password" time="0"/>
  <testcase name="And I enter the following details for Login" classname="Scenario: Login with correct username and password" time="0"/>
  <testcase name="And I click login button" classname="Scenario: Login with correct username and password" time="0"/>
  <testcase name="Then I should see the userform page" classname="Scenario: Login with correct username and password" time="0"/>
  <testcase name="Scenario: Login with correct username and password" classname="Scenario: Login with correct username and password" time="0.001"/>
  <testcase name="Given I navigate to the login page" classname="| execute | automation |" time="0"/>
  <testcase name="And I enter execute and automation" classname="| execute | automation |" time="0.001"/>
  <testcase name="And I click login button" classname="| execute | automation |" time="0"/>
  <testcase name="Then I should see the userform page" classname="| execute | automation |" time="0"/>
  <testcase name="| execute | automation |" classname="| execute | automation |" time="0.001"/>
  <testcase name="Given I navigate to the login page" classname="| admin | admin |" time="0"/>
  <testcase name="And I enter admin and admin" classname="| admin | admin |" time="0"/>
  <testcase name="And I click login button" classname="| admin | admin |" time="0"/>
  <testcase name="Then I should see the userform page" classname="| admin | admin |" time="0"/>
  <testcase name="| admin | admin |" classname="| admin | admin |" time="0.003"/>
  <testcase name="Given I navigate to the login page" classname="| testing | qa |" time="0"/>
  <testcase name="And I enter testing and qa" classname="| testing | qa |" time="0"/>
  <testcase name="And I click login button" classname="| testing | qa |" time="0"/>
  <testcase name="Then I should see the userform page" classname="| testing | qa |" time="0"/>
  <testcase name="| testing | qa |" classname="| testing | qa |" time="0.001"/>
</testsuite>